# JRE version: Java(TM) SE Runtime Environment (8.0_91-b14) (build 1.8.0_91-b14)
# Java VM: Java HotSpot(TM) 64-Bit Server VM (25.91-b14 mixed mode windows-amd64 compressed oops)
Heap:
 PSYoungGen      total 70144K, used 34873K [0x00000000e0000000, 0x00000000e5680000, 0x0000000100000000)
  eden space 65024K, 45% used [0x00000000e0000000,0x00000000e1d15220,0x00000000e3f80000)
  from space 5120K, 99% used [0x00000000e4100000,0x00000000e45f9220,0x00000000e4600000)
  to   space 11776K, 0% used [0x00000000e4b00000,0x00000000e4b00000,0x00000000e5680000)
 ParOldGen       total 65024K, used 16087K [0x00000000a0000000, 0x00000000a3f80000, 0x00000000e0000000)
  object space 65024K, 24% used [0x00000000a0000000,0x00000000a0fb5f68,0x00000000a3f80000)
 Metaspace       used 29202K, capacity 29898K, committed 30208K, reserved 1075200K
  class space    used 4060K, capacity 4237K, committed 4352K, reserved 1048576K
GC Heap History (10 events):
Event: 13.946 GC heap before
{Heap before GC invocations=2 (full 0):
 PSYoungGen      total 38400K, used 37361K [0x00000000e0000000, 0x00000000e4b00000, 0x0000000100000000)
  eden space 33280K, 100% used [0x00000000e0000000,0x00000000e2080000,0x00000000e2080000)
  from space 5120K, 79% used [0x00000000e2080000,0x00000000e247c508,0x00000000e2580000)
  to   space 5120K, 0% used [0x00000000e4600000,0x00000000e4600000,0x00000000e4b00000)
 ParOldGen       total 87552K, used 8K [0x00000000a0000000, 0x00000000a5580000, 0x00000000e0000000)
  object space 87552K, 0% used [0x00000000a0000000,0x00000000a0002000,0x00000000a5580000)
 Metaspace       used 12806K, capacity 13170K, committed 13440K, reserved 1060864K
  class space    used 1754K, capacity 1887K, committed 1920K, reserved 1048576K
Event: 13.964 GC heap after
Heap after GC invocations=2 (full 0):
 PSYoungGen      total 71680K, used 5104K [0x00000000e0000000, 0x00000000e4b00000, 0x0000000100000000)
  eden space 66560K, 0% used [0x00000000e0000000,0x00000000e0000000,0x00000000e4100000)
  from space 5120K, 99% used [0x00000000e4600000,0x00000000e4afc2d8,0x00000000e4b00000)
  to   space 5120K, 0% used [0x00000000e4100000,0x00000000e4100000,0x00000000e4600000)
 ParOldGen       total 87552K, used 950K [0x00000000a0000000, 0x00000000a5580000, 0x00000000e0000000)
  object space 87552K, 1% used [0x00000000a0000000,0x00000000a00ed9d0,0x00000000a5580000)
 Metaspace       used 12806K, capacity 13170K, committed 13440K, reserved 1060864K
  class space    used 1754K, capacity 1887K, committed 1920K, reserved 1048576K
}
Event: 31.604 GC heap before
{Heap before GC invocations=3 (full 0):
 PSYoungGen      total 71680K, used 61130K [0x00000000e0000000, 0x00000000e4b00000, 0x0000000100000000)
  eden space 66560K, 84% used [0x00000000e0000000,0x00000000e36b6768,0x00000000e4100000)
  from space 5120K, 99% used [0x00000000e4600000,0x00000000e4afc2d8,0x00000000e4b00000)
  to   space 5120K, 0% used [0x00000000e4100000,0x00000000e4100000,0x00000000e4600000)
 ParOldGen       total 87552K, used 950K [0x00000000a0000000, 0x00000000a5580000, 0x00000000e0000000)
  object space 87552K, 1% used [0x00000000a0000000,0x00000000a00ed9d0,0x00000000a5580000)
 Metaspace       used 20797K, capacity 21236K, committed 21296K, reserved 1067008K
  class space    used 2776K, capacity 2894K, committed 2944K, reserved 1048576K
Event: 31.652 GC heap after
Heap after GC invocations=3 (full 0):
 PSYoungGen      total 71680K, used 5104K [0x00000000e0000000, 0x00000000e4b00000, 0x0000000100000000)
  eden space 66560K, 0% used [0x00000000e0000000,0x00000000e0000000,0x00000000e4100000)
  from space 5120K, 99% used [0x00000000e4100000,0x00000000e45fc010,0x00000000e4600000)
  to   space 5120K, 0% used [0x00000000e4600000,0x00000000e4600000,0x00000000e4b00000)
 ParOldGen       total 87552K, used 8028K [0x00000000a0000000, 0x00000000a5580000, 0x00000000e0000000)
  object space 87552K, 9% used [0x00000000a0000000,0x00000000a07d7150,0x00000000a5580000)
 Metaspace       used 20797K, capacity 21236K, committed 21296K, reserved 1067008K
  class space    used 2776K, capacity 2894K, committed 2944K, reserved 1048576K
}
Event: 31.652 GC heap before
{Heap before GC invocations=4 (full 1):
 PSYoungGen      total 71680K, used 5104K [0x00000000e0000000, 0x00000000e4b00000, 0x0000000100000000)
  eden space 66560K, 0% used [0x00000000e0000000,0x00000000e0000000,0x00000000e4100000)
  from space 5120K, 99% used [0x00000000e4100000,0x00000000e45fc010,0x00000000e4600000)
  to   space 5120K, 0% used [0x00000000e4600000,0x00000000e4600000,0x00000000e4b00000)
 ParOldGen       total 87552K, used 8028K [0x00000000a0000000, 0x00000000a5580000, 0x00000000e0000000)
  object space 87552K, 9% used [0x00000000a0000000,0x00000000a07d7150,0x00000000a5580000)
 Metaspace       used 20797K, capacity 21236K, committed 21296K, reserved 1067008K
  class space    used 2776K, capacity 2894K, committed 2944K, reserved 1048576K
Event: 31.797 GC heap after
Heap after GC invocations=4 (full 1):
 PSYoungGen      total 71680K, used 0K [0x00000000e0000000, 0x00000000e4b00000, 0x0000000100000000)
  eden space 66560K, 0% used [0x00000000e0000000,0x00000000e0000000,0x00000000e4100000)
  from space 5120K, 0% used [0x00000000e4100000,0x00000000e4100000,0x00000000e4600000)
  to   space 5120K, 0% used [0x00000000e4600000,0x00000000e4600000,0x00000000e4b00000)
 ParOldGen       total 65024K, used 11907K [0x00000000a0000000, 0x00000000a3f80000, 0x00000000e0000000)
  object space 65024K, 18% used [0x00000000a0000000,0x00000000a0ba0e48,0x00000000a3f80000)
 Metaspace       used 20797K, capacity 21236K, committed 21296K, reserved 1067008K
  class space    used 2776K, capacity 2894K, committed 2944K, reserved 1048576K
}
Event: 43.247 GC heap before
{Heap before GC invocations=5 (full 1):
 PSYoungGen      total 71680K, used 66560K [0x00000000e0000000, 0x00000000e4b00000, 0x0000000100000000)
  eden space 66560K, 100% used [0x00000000e0000000,0x00000000e4100000,0x00000000e4100000)
  from space 5120K, 0% used [0x00000000e4100000,0x00000000e4100000,0x00000000e4600000)
  to   space 5120K, 0% used [0x00000000e4600000,0x00000000e4600000,0x00000000e4b00000)
 ParOldGen       total 65024K, used 11907K [0x00000000a0000000, 0x00000000a3f80000, 0x00000000e0000000)
  object space 65024K, 18% used [0x00000000a0000000,0x00000000a0ba0e48,0x00000000a3f80000)
 Metaspace       used 26042K, capacity 26670K, committed 27008K, reserved 1073152K
  class space    used 3665K, capacity 3845K, committed 3968K, reserved 1048576K
Event: 43.264 GC heap after
Heap after GC invocations=5 (full 1):
 PSYoungGen      total 71680K, used 5102K [0x00000000e0000000, 0x00000000e7100000, 0x0000000100000000)
  eden space 66560K, 0% used [0x00000000e0000000,0x00000000e0000000,0x00000000e4100000)
  from space 5120K, 99% used [0x00000000e4600000,0x00000000e4afba70,0x00000000e4b00000)
  to   space 5120K, 0% used [0x00000000e4100000,0x00000000e4100000,0x00000000e4600000)
 ParOldGen       total 65024K, used 14639K [0x00000000a0000000, 0x00000000a3f80000, 0x00000000e0000000)
  object space 65024K, 22% used [0x00000000a0000000,0x00000000a0e4bd30,0x00000000a3f80000)
 Metaspace       used 26042K, capacity 26670K, committed 27008K, reserved 1073152K
  class space    used 3665K, capacity 3845K, committed 3968K, reserved 1048576K
}
Event: 49.157 GC heap before
{Heap before GC invocations=6 (full 1):
 PSYoungGen      total 71680K, used 71662K [0x00000000e0000000, 0x00000000e7100000, 0x0000000100000000)
  eden space 66560K, 100% used [0x00000000e0000000,0x00000000e4100000,0x00000000e4100000)
  from space 5120K, 99% used [0x00000000e4600000,0x00000000e4afba70,0x00000000e4b00000)
  to   space 5120K, 0% used [0x00000000e4100000,0x00000000e4100000,0x00000000e4600000)
 ParOldGen       total 65024K, used 14639K [0x00000000a0000000, 0x00000000a3f80000, 0x00000000e0000000)
  object space 65024K, 22% used [0x00000000a0000000,0x00000000a0e4bd30,0x00000000a3f80000)
 Metaspace       used 28807K, capacity 29514K, committed 29696K, reserved 1075200K
  class space    used 4027K, capacity 4237K, committed 4352K, reserved 1048576K
Event: 49.165 GC heap after
Heap after GC invocations=6 (full 1):
 PSYoungGen      total 70144K, used 5092K [0x00000000e0000000, 0x00000000e5680000, 0x0000000100000000)
  eden space 65024K, 0% used [0x00000000e0000000,0x00000000e0000000,0x00000000e3f80000)
  from space 5120K, 99% used [0x00000000e4100000,0x00000000e45f9220,0x00000000e4600000)
  to   space 11776K, 0% used [0x00000000e4b00000,0x00000000e4b00000,0x00000000e5680000)
 ParOldGen       total 65024K, used 16087K [0x00000000a0000000, 0x00000000a3f80000, 0x00000000e0000000)
  object space 65024K, 24% used [0x00000000a0000000,0x00000000a0fb5f68,0x00000000a3f80000)
 Metaspace       used 28807K, capacity 29514K, committed 29696K, reserved 1075200K
  class space    used 4027K, capacity 4237K, committed 4352K, reserved 1048576K
}

