# JRE version: Java(TM) SE Runtime Environment (8.0_91-b14) (build 1.8.0_91-b14)
# Java VM: Java HotSpot(TM) 64-Bit Server VM (25.91-b14 mixed mode windows-amd64 compressed oops)
Heap:
 PSYoungGen      total 480768K, used 359480K [0x00000000e0000000, 0x0000000100000000, 0x0000000100000000)
  eden space 458752K, 77% used [0x00000000e0000000,0x00000000f59dd528,0x00000000fc000000)
  from space 22016K, 24% used [0x00000000fea80000,0x00000000fefb0cb8,0x0000000100000000)
  to   space 32768K, 0% used [0x00000000fc000000,0x00000000fc000000,0x00000000fe000000)
 ParOldGen       total 181760K, used 83683K [0x00000000a0000000, 0x00000000ab180000, 0x00000000e0000000)
  object space 181760K, 46% used [0x00000000a0000000,0x00000000a51b8c30,0x00000000ab180000)
 Metaspace       used 74758K, capacity 78824K, committed 79104K, reserved 1118208K
  class space    used 10121K, capacity 10959K, committed 11008K, reserved 1048576K
GC Heap History (10 events):
Event: 153.383 GC heap before
{Heap before GC invocations=13 (full 3):
 PSYoungGen      total 303616K, used 56102K [0x00000000e0000000, 0x00000000fc080000, 0x0000000100000000)
  eden space 279040K, 16% used [0x00000000e0000000,0x00000000e2c8d838,0x00000000f1080000)
  from space 24576K, 42% used [0x00000000f1080000,0x00000000f1abc090,0x00000000f2880000)
  to   space 23552K, 0% used [0x00000000fa980000,0x00000000fa980000,0x00000000fc080000)
 ParOldGen       total 83968K, used 43160K [0x00000000a0000000, 0x00000000a5200000, 0x00000000e0000000)
  object space 83968K, 51% used [0x00000000a0000000,0x00000000a2a26160,0x00000000a5200000)
 Metaspace       used 58669K, capacity 61308K, committed 61312K, reserved 1101824K
  class space    used 8036K, capacity 8572K, committed 8576K, reserved 1048576K
Event: 153.414 GC heap after
Heap after GC invocations=13 (full 3):
 PSYoungGen      total 433664K, used 9201K [0x00000000e0000000, 0x00000000fbe80000, 0x0000000100000000)
  eden space 412160K, 0% used [0x00000000e0000000,0x00000000e0000000,0x00000000f9280000)
  from space 21504K, 42% used [0x00000000fa980000,0x00000000fb27c4f0,0x00000000fbe80000)
  to   space 22528K, 0% used [0x00000000f9280000,0x00000000f9280000,0x00000000fa880000)
 ParOldGen       total 83968K, used 43168K [0x00000000a0000000, 0x00000000a5200000, 0x00000000e0000000)
  object space 83968K, 51% used [0x00000000a0000000,0x00000000a2a28160,0x00000000a5200000)
 Metaspace       used 58669K, capacity 61308K, committed 61312K, reserved 1101824K
  class space    used 8036K, capacity 8572K, committed 8576K, reserved 1048576K
}
Event: 153.414 GC heap before
{Heap before GC invocations=14 (full 4):
 PSYoungGen      total 433664K, used 9201K [0x00000000e0000000, 0x00000000fbe80000, 0x0000000100000000)
  eden space 412160K, 0% used [0x00000000e0000000,0x00000000e0000000,0x00000000f9280000)
  from space 21504K, 42% used [0x00000000fa980000,0x00000000fb27c4f0,0x00000000fbe80000)
  to   space 22528K, 0% used [0x00000000f9280000,0x00000000f9280000,0x00000000fa880000)
 ParOldGen       total 83968K, used 43168K [0x00000000a0000000, 0x00000000a5200000, 0x00000000e0000000)
  object space 83968K, 51% used [0x00000000a0000000,0x00000000a2a28160,0x00000000a5200000)
 Metaspace       used 58669K, capacity 61308K, committed 61312K, reserved 1101824K
  class space    used 8036K, capacity 8572K, committed 8576K, reserved 1048576K
Event: 153.823 GC heap after
Heap after GC invocations=14 (full 4):
 PSYoungGen      total 433664K, used 0K [0x00000000e0000000, 0x00000000fbe80000, 0x0000000100000000)
  eden space 412160K, 0% used [0x00000000e0000000,0x00000000e0000000,0x00000000f9280000)
  from space 21504K, 0% used [0x00000000fa980000,0x00000000fa980000,0x00000000fbe80000)
  to   space 22528K, 0% used [0x00000000f9280000,0x00000000f9280000,0x00000000fa880000)
 ParOldGen       total 83968K, used 48696K [0x00000000a0000000, 0x00000000a5200000, 0x00000000e0000000)
  object space 83968K, 57% used [0x00000000a0000000,0x00000000a2f8e1a0,0x00000000a5200000)
 Metaspace       used 58643K, capacity 61220K, committed 61312K, reserved 1101824K
  class space    used 8028K, capacity 8564K, committed 8576K, reserved 1048576K
}
Event: 183.072 GC heap before
{Heap before GC invocations=15 (full 4):
 PSYoungGen      total 433664K, used 412160K [0x00000000e0000000, 0x00000000fbe80000, 0x0000000100000000)
  eden space 412160K, 100% used [0x00000000e0000000,0x00000000f9280000,0x00000000f9280000)
  from space 21504K, 0% used [0x00000000fa980000,0x00000000fa980000,0x00000000fbe80000)
  to   space 22528K, 0% used [0x00000000f9280000,0x00000000f9280000,0x00000000fa880000)
 ParOldGen       total 83968K, used 48696K [0x00000000a0000000, 0x00000000a5200000, 0x00000000e0000000)
  object space 83968K, 57% used [0x00000000a0000000,0x00000000a2f8e1a0,0x00000000a5200000)
 Metaspace       used 62069K, capacity 64980K, committed 65152K, reserved 1105920K
  class space    used 8397K, capacity 9016K, committed 9088K, reserved 1048576K
Event: 183.136 GC heap after
Heap after GC invocations=15 (full 4):
 PSYoungGen      total 434688K, used 12411K [0x00000000e0000000, 0x0000000100000000, 0x0000000100000000)
  eden space 412160K, 0% used [0x00000000e0000000,0x00000000e0000000,0x00000000f9280000)
  from space 22528K, 55% used [0x00000000f9280000,0x00000000f9e9ed58,0x00000000fa880000)
  to   space 22016K, 0% used [0x00000000fea80000,0x00000000fea80000,0x0000000100000000)
 ParOldGen       total 83968K, used 48704K [0x00000000a0000000, 0x00000000a5200000, 0x00000000e0000000)
  object space 83968K, 58% used [0x00000000a0000000,0x00000000a2f901a0,0x00000000a5200000)
 Metaspace       used 62069K, capacity 64980K, committed 65152K, reserved 1105920K
  class space    used 8397K, capacity 9016K, committed 9088K, reserved 1048576K
}
Event: 264.539 GC heap before
{Heap before GC invocations=16 (full 4):
 PSYoungGen      total 434688K, used 424571K [0x00000000e0000000, 0x0000000100000000, 0x0000000100000000)
  eden space 412160K, 100% used [0x00000000e0000000,0x00000000f9280000,0x00000000f9280000)
  from space 22528K, 55% used [0x00000000f9280000,0x00000000f9e9ed58,0x00000000fa880000)
  to   space 22016K, 0% used [0x00000000fea80000,0x00000000fea80000,0x0000000100000000)
 ParOldGen       total 83968K, used 48704K [0x00000000a0000000, 0x00000000a5200000, 0x00000000e0000000)
  object space 83968K, 58% used [0x00000000a0000000,0x00000000a2f901a0,0x00000000a5200000)
 Metaspace       used 68455K, capacity 71638K, committed 71936K, reserved 1112064K
  class space    used 9269K, capacity 9921K, committed 9984K, reserved 1048576K
Event: 264.583 GC heap after
Heap after GC invocations=16 (full 4):
 PSYoungGen      total 480768K, used 21990K [0x00000000e0000000, 0x0000000100000000, 0x0000000100000000)
  eden space 458752K, 0% used [0x00000000e0000000,0x00000000e0000000,0x00000000fc000000)
  from space 22016K, 99% used [0x00000000fea80000,0x00000000ffff9a08,0x0000000100000000)
  to   space 32768K, 0% used [0x00000000fc000000,0x00000000fc000000,0x00000000fe000000)
 ParOldGen       total 83968K, used 69766K [0x00000000a0000000, 0x00000000a5200000, 0x00000000e0000000)
  object space 83968K, 83% used [0x00000000a0000000,0x00000000a4421bc8,0x00000000a5200000)
 Metaspace       used 68455K, capacity 71638K, committed 71936K, reserved 1112064K
  class space    used 9269K, capacity 9921K, committed 9984K, reserved 1048576K
}
Event: 264.583 GC heap before
{Heap before GC invocations=17 (full 5):
 PSYoungGen      total 480768K, used 21990K [0x00000000e0000000, 0x0000000100000000, 0x0000000100000000)
  eden space 458752K, 0% used [0x00000000e0000000,0x00000000e0000000,0x00000000fc000000)
  from space 22016K, 99% used [0x00000000fea80000,0x00000000ffff9a08,0x0000000100000000)
  to   space 32768K, 0% used [0x00000000fc000000,0x00000000fc000000,0x00000000fe000000)
 ParOldGen       total 83968K, used 69766K [0x00000000a0000000, 0x00000000a5200000, 0x00000000e0000000)
  object space 83968K, 83% used [0x00000000a0000000,0x00000000a4421bc8,0x00000000a5200000)
 Metaspace       used 68455K, capacity 71638K, committed 71936K, reserved 1112064K
  class space    used 9269K, capacity 9921K, committed 9984K, reserved 1048576K
Event: 265.113 GC heap after
Heap after GC invocations=17 (full 5):
 PSYoungGen      total 480768K, used 5315K [0x00000000e0000000, 0x0000000100000000, 0x0000000100000000)
  eden space 458752K, 0% used [0x00000000e0000000,0x00000000e0000000,0x00000000fc000000)
  from space 22016K, 24% used [0x00000000fea80000,0x00000000fefb0cb8,0x0000000100000000)
  to   space 32768K, 0% used [0x00000000fc000000,0x00000000fc000000,0x00000000fe000000)
 ParOldGen       total 181760K, used 83683K [0x00000000a0000000, 0x00000000ab180000, 0x00000000e0000000)
  object space 181760K, 46% used [0x00000000a0000000,0x00000000a51b8c30,0x00000000ab180000)
 Metaspace       used 68455K, capacity 71638K, committed 71936K, reserved 1112064K
  class space    used 9269K, capacity 9921K, committed 9984K, reserved 1048576K
}

