# JRE version: Java(TM) SE Runtime Environment (8.0_91-b14) (build 1.8.0_91-b14)
# Java VM: Java HotSpot(TM) 64-Bit Server VM (25.91-b14 mixed mode windows-amd64 compressed oops)
Heap:
 PSYoungGen      total 71680K, used 42159K [0x00000000e0000000, 0x00000000e7580000, 0x0000000100000000)
  eden space 66560K, 55% used [0x00000000e0000000,0x00000000e242dd78,0x00000000e4100000)
  from space 5120K, 99% used [0x00000000e4100000,0x00000000e45fdf90,0x00000000e4600000)
  to   space 11776K, 0% used [0x00000000e6a00000,0x00000000e6a00000,0x00000000e7580000)
 ParOldGen       total 68096K, used 15987K [0x00000000a0000000, 0x00000000a4280000, 0x00000000e0000000)
  object space 68096K, 23% used [0x00000000a0000000,0x00000000a0f9ce00,0x00000000a4280000)
 Metaspace       used 29455K, capacity 30152K, committed 30464K, reserved 1075200K
  class space    used 4104K, capacity 4277K, committed 4352K, reserved 1048576K
GC Heap History (10 events):
Event: 12.463 GC heap before
{Heap before GC invocations=2 (full 0):
 PSYoungGen      total 38400K, used 37389K [0x00000000e0000000, 0x00000000e4b00000, 0x0000000100000000)
  eden space 33280K, 100% used [0x00000000e0000000,0x00000000e2080000,0x00000000e2080000)
  from space 5120K, 80% used [0x00000000e2080000,0x00000000e24834d0,0x00000000e2580000)
  to   space 5120K, 0% used [0x00000000e4600000,0x00000000e4600000,0x00000000e4b00000)
 ParOldGen       total 87552K, used 8K [0x00000000a0000000, 0x00000000a5580000, 0x00000000e0000000)
  object space 87552K, 0% used [0x00000000a0000000,0x00000000a0002000,0x00000000a5580000)
 Metaspace       used 12805K, capacity 13178K, committed 13440K, reserved 1060864K
  class space    used 1754K, capacity 1889K, committed 1920K, reserved 1048576K
Event: 12.482 GC heap after
Heap after GC invocations=2 (full 0):
 PSYoungGen      total 71680K, used 5095K [0x00000000e0000000, 0x00000000e4b00000, 0x0000000100000000)
  eden space 66560K, 0% used [0x00000000e0000000,0x00000000e0000000,0x00000000e4100000)
  from space 5120K, 99% used [0x00000000e4600000,0x00000000e4af9fc8,0x00000000e4b00000)
  to   space 5120K, 0% used [0x00000000e4100000,0x00000000e4100000,0x00000000e4600000)
 ParOldGen       total 87552K, used 976K [0x00000000a0000000, 0x00000000a5580000, 0x00000000e0000000)
  object space 87552K, 1% used [0x00000000a0000000,0x00000000a00f43b0,0x00000000a5580000)
 Metaspace       used 12805K, capacity 13178K, committed 13440K, reserved 1060864K
  class space    used 1754K, capacity 1889K, committed 1920K, reserved 1048576K
}
Event: 25.960 GC heap before
{Heap before GC invocations=3 (full 0):
 PSYoungGen      total 71680K, used 61359K [0x00000000e0000000, 0x00000000e4b00000, 0x0000000100000000)
  eden space 66560K, 84% used [0x00000000e0000000,0x00000000e36f1e10,0x00000000e4100000)
  from space 5120K, 99% used [0x00000000e4600000,0x00000000e4af9fc8,0x00000000e4b00000)
  to   space 5120K, 0% used [0x00000000e4100000,0x00000000e4100000,0x00000000e4600000)
 ParOldGen       total 87552K, used 976K [0x00000000a0000000, 0x00000000a5580000, 0x00000000e0000000)
  object space 87552K, 1% used [0x00000000a0000000,0x00000000a00f43b0,0x00000000a5580000)
 Metaspace       used 20837K, capacity 21276K, committed 21296K, reserved 1067008K
  class space    used 2780K, capacity 2928K, committed 2944K, reserved 1048576K
Event: 26.005 GC heap after
Heap after GC invocations=3 (full 0):
 PSYoungGen      total 71680K, used 5088K [0x00000000e0000000, 0x00000000e4b00000, 0x0000000100000000)
  eden space 66560K, 0% used [0x00000000e0000000,0x00000000e0000000,0x00000000e4100000)
  from space 5120K, 99% used [0x00000000e4100000,0x00000000e45f8020,0x00000000e4600000)
  to   space 5120K, 0% used [0x00000000e4600000,0x00000000e4600000,0x00000000e4b00000)
 ParOldGen       total 87552K, used 8123K [0x00000000a0000000, 0x00000000a5580000, 0x00000000e0000000)
  object space 87552K, 9% used [0x00000000a0000000,0x00000000a07eeee0,0x00000000a5580000)
 Metaspace       used 20837K, capacity 21276K, committed 21296K, reserved 1067008K
  class space    used 2780K, capacity 2928K, committed 2944K, reserved 1048576K
}
Event: 26.005 GC heap before
{Heap before GC invocations=4 (full 1):
 PSYoungGen      total 71680K, used 5088K [0x00000000e0000000, 0x00000000e4b00000, 0x0000000100000000)
  eden space 66560K, 0% used [0x00000000e0000000,0x00000000e0000000,0x00000000e4100000)
  from space 5120K, 99% used [0x00000000e4100000,0x00000000e45f8020,0x00000000e4600000)
  to   space 5120K, 0% used [0x00000000e4600000,0x00000000e4600000,0x00000000e4b00000)
 ParOldGen       total 87552K, used 8123K [0x00000000a0000000, 0x00000000a5580000, 0x00000000e0000000)
  object space 87552K, 9% used [0x00000000a0000000,0x00000000a07eeee0,0x00000000a5580000)
 Metaspace       used 20837K, capacity 21276K, committed 21296K, reserved 1067008K
  class space    used 2780K, capacity 2928K, committed 2944K, reserved 1048576K
Event: 26.171 GC heap after
Heap after GC invocations=4 (full 1):
 PSYoungGen      total 71680K, used 0K [0x00000000e0000000, 0x00000000e4b00000, 0x0000000100000000)
  eden space 66560K, 0% used [0x00000000e0000000,0x00000000e0000000,0x00000000e4100000)
  from space 5120K, 0% used [0x00000000e4100000,0x00000000e4100000,0x00000000e4600000)
  to   space 5120K, 0% used [0x00000000e4600000,0x00000000e4600000,0x00000000e4b00000)
 ParOldGen       total 68096K, used 11917K [0x00000000a0000000, 0x00000000a4280000, 0x00000000e0000000)
  object space 68096K, 17% used [0x00000000a0000000,0x00000000a0ba3628,0x00000000a4280000)
 Metaspace       used 20837K, capacity 21276K, committed 21296K, reserved 1067008K
  class space    used 2780K, capacity 2928K, committed 2944K, reserved 1048576K
}
Event: 31.399 GC heap before
{Heap before GC invocations=5 (full 1):
 PSYoungGen      total 71680K, used 66560K [0x00000000e0000000, 0x00000000e4b00000, 0x0000000100000000)
  eden space 66560K, 100% used [0x00000000e0000000,0x00000000e4100000,0x00000000e4100000)
  from space 5120K, 0% used [0x00000000e4100000,0x00000000e4100000,0x00000000e4600000)
  to   space 5120K, 0% used [0x00000000e4600000,0x00000000e4600000,0x00000000e4b00000)
 ParOldGen       total 68096K, used 11917K [0x00000000a0000000, 0x00000000a4280000, 0x00000000e0000000)
  object space 68096K, 17% used [0x00000000a0000000,0x00000000a0ba3628,0x00000000a4280000)
 Metaspace       used 26030K, capacity 26614K, committed 26752K, reserved 1073152K
  class space    used 3664K, capacity 3847K, committed 3968K, reserved 1048576K
Event: 31.407 GC heap after
Heap after GC invocations=5 (full 1):
 PSYoungGen      total 71680K, used 5118K [0x00000000e0000000, 0x00000000e6c00000, 0x0000000100000000)
  eden space 66560K, 0% used [0x00000000e0000000,0x00000000e0000000,0x00000000e4100000)
  from space 5120K, 99% used [0x00000000e4600000,0x00000000e4affab0,0x00000000e4b00000)
  to   space 5120K, 0% used [0x00000000e4100000,0x00000000e4100000,0x00000000e4600000)
 ParOldGen       total 68096K, used 14589K [0x00000000a0000000, 0x00000000a4280000, 0x00000000e0000000)
  object space 68096K, 21% used [0x00000000a0000000,0x00000000a0e3f770,0x00000000a4280000)
 Metaspace       used 26030K, capacity 26614K, committed 26752K, reserved 1073152K
  class space    used 3664K, capacity 3847K, committed 3968K, reserved 1048576K
}
Event: 37.684 GC heap before
{Heap before GC invocations=6 (full 1):
 PSYoungGen      total 71680K, used 71678K [0x00000000e0000000, 0x00000000e6c00000, 0x0000000100000000)
  eden space 66560K, 100% used [0x00000000e0000000,0x00000000e4100000,0x00000000e4100000)
  from space 5120K, 99% used [0x00000000e4600000,0x00000000e4affab0,0x00000000e4b00000)
  to   space 5120K, 0% used [0x00000000e4100000,0x00000000e4100000,0x00000000e4600000)
 ParOldGen       total 68096K, used 14589K [0x00000000a0000000, 0x00000000a4280000, 0x00000000e0000000)
  object space 68096K, 21% used [0x00000000a0000000,0x00000000a0e3f770,0x00000000a4280000)
 Metaspace       used 28768K, capacity 29522K, committed 29696K, reserved 1075200K
  class space    used 4025K, capacity 4239K, committed 4352K, reserved 1048576K
Event: 37.693 GC heap after
Heap after GC invocations=6 (full 1):
 PSYoungGen      total 71680K, used 5111K [0x00000000e0000000, 0x00000000e7580000, 0x0000000100000000)
  eden space 66560K, 0% used [0x00000000e0000000,0x00000000e0000000,0x00000000e4100000)
  from space 5120K, 99% used [0x00000000e4100000,0x00000000e45fdf90,0x00000000e4600000)
  to   space 11776K, 0% used [0x00000000e6a00000,0x00000000e6a00000,0x00000000e7580000)
 ParOldGen       total 68096K, used 15987K [0x00000000a0000000, 0x00000000a4280000, 0x00000000e0000000)
  object space 68096K, 23% used [0x00000000a0000000,0x00000000a0f9ce00,0x00000000a4280000)
 Metaspace       used 28768K, capacity 29522K, committed 29696K, reserved 1075200K
  class space    used 4025K, capacity 4239K, committed 4352K, reserved 1048576K
}

